<?xml version="1.0" encoding="UTF-8"?>
<!-- Generated by org.testng.reporters.JUnitReportReporter -->
<testsuite hostname="BLRSFLT130" failures="0" tests="1" name="org.master.AuditTemplate" time="94.896" errors="0" timestamp="29 May 2024 11:38:25 GMT" skipped="0">
  <testcase classname="org.master.AuditTemplate" name="createTemplate" time="94.896"/>
</testsuite> <!-- org.master.AuditTemplate -->
