<?xml version="1.0" encoding="UTF-8"?>
<!-- Generated by org.testng.reporters.JUnitReportReporter -->
<testsuite hostname="BLRSFLT130" failures="0" tests="1" name="org.master.auditEntity" time="68.962" errors="0" timestamp="21 May 2024 08:10:38 GMT" skipped="0">
  <testcase classname="org.master.auditEntity" name="entity" time="68.962"/>
</testsuite> <!-- org.master.auditEntity -->
