<?xml version="1.0" encoding="UTF-8"?>
<!-- Generated by org.testng.reporters.JUnitReportReporter -->
<testsuite hostname="BLRSFLT130" failures="0" tests="1" name="org.main.RM" time="11.705" errors="0" timestamp="26 Apr 2024 06:44:57 GMT" skipped="0">
  <testcase classname="org.main.RM" name="auditstatus" time="11.705"/>
</testsuite> <!-- org.main.RM -->
