<?xml version="1.0" encoding="UTF-8"?>
<!-- Generated by org.testng.reporters.JUnitReportReporter -->
<testsuite hostname="BLRSFLT130" failures="0" tests="1" name="org.main.Scroll" time="0.071" errors="0" timestamp="07 May 2024 09:34:06 GMT" skipped="0">
  <testcase classname="org.main.Scroll" name="testcase1" time="0.071"/>
</testsuite> <!-- org.main.Scroll -->
